<?xml version="1.0" encoding="UTF-8"?>
<testsuite xmlns:xsi="http://www.w3.org/2001/XMLSchema-instance" xsi:noNamespaceSchemaLocation="https://maven.apache.org/surefire/maven-surefire-plugin/xsd/surefire-test-report.xsd" name="com.miage.altea.repository.JacksonDatabindTest" time="0.419" tests="2" errors="0" skipped="0" failures="0">
  <properties>
[...]
</properties>
  <testcase name="testWriteJson" classname="com.miage.altea.repository.JacksonDatabindTest" time="0.367"/>
  <testcase name="testReadJson" classname="com.miage.altea.repository.JacksonDatabindTest" time="0.044"/>
</testsuite>